  animation.cpp
C:\PGK2_PLATFORMOWKA\animation.cpp(23,8): warning C4244: 'initializing': conversion from 'float' to 'int', possible loss of data
C:\PGK2_PLATFORMOWKA\animation.cpp(53,20): warning C4244: '=': conversion from 'double' to 'float', possible loss of data
C:\PGK2_PLATFORMOWKA\animation.cpp(69,42): warning C4244: 'argument': conversion from 'T' to 'float', possible loss of data
C:\PGK2_PLATFORMOWKA\animation.cpp(69,42): warning C4244:         with
C:\PGK2_PLATFORMOWKA\animation.cpp(69,42): warning C4244:         [
C:\PGK2_PLATFORMOWKA\animation.cpp(69,42): warning C4244:             T=int
C:\PGK2_PLATFORMOWKA\animation.cpp(69,42): warning C4244:         ]
C:\PGK2_PLATFORMOWKA\animation.cpp(84,46): warning C4244: 'argument': conversion from 'int' to 'float', possible loss of data
C:\PGK2_PLATFORMOWKA\animation.cpp(84,43): warning C4244: 'argument': conversion from 'int' to 'float', possible loss of data
C:\PGK2_PLATFORMOWKA\animation.cpp(120,40): warning C4244: 'return': conversion from 'T' to 'float', possible loss of data
C:\PGK2_PLATFORMOWKA\animation.cpp(120,40): warning C4244:         with
C:\PGK2_PLATFORMOWKA\animation.cpp(120,40): warning C4244:         [
C:\PGK2_PLATFORMOWKA\animation.cpp(120,40): warning C4244:             T=int
C:\PGK2_PLATFORMOWKA\animation.cpp(120,40): warning C4244:         ]
C:\PGK2_PLATFORMOWKA\animation.cpp(125,40): warning C4244: 'return': conversion from 'T' to 'float', possible loss of data
C:\PGK2_PLATFORMOWKA\animation.cpp(125,40): warning C4244:         with
C:\PGK2_PLATFORMOWKA\animation.cpp(125,40): warning C4244:         [
C:\PGK2_PLATFORMOWKA\animation.cpp(125,40): warning C4244:             T=int
C:\PGK2_PLATFORMOWKA\animation.cpp(125,40): warning C4244:         ]
  changelevel.cpp
  coin.cpp
  enemy.cpp
C:\PGK2_PLATFORMOWKA\enemy.cpp(6,23): warning C4305: 'argument': truncation from 'double' to 'float'
C:\PGK2_PLATFORMOWKA\enemy.cpp(41,51): warning C4305: '=': truncation from 'double' to 'float'
C:\PGK2_PLATFORMOWKA\enemy.cpp(42,66): warning C4305: '=': truncation from 'double' to 'float'
  entity.cpp
C:\PGK2_PLATFORMOWKA\entity.cpp(7,6): warning C4244: '=': conversion from 'int' to 'float', possible loss of data
C:\PGK2_PLATFORMOWKA\entity.cpp(8,6): warning C4244: '=': conversion from 'int' to 'float', possible loss of data
C:\PGK2_PLATFORMOWKA\entity.cpp(20,25): warning C4244: 'argument': conversion from 'float' to 'int', possible loss of data
C:\PGK2_PLATFORMOWKA\entity.cpp(20,20): warning C4244: 'argument': conversion from 'float' to 'int', possible loss of data
  game.cpp
C:\PGK2_PLATFORMOWKA\game.cpp(36,94): warning C4244: 'argument': conversion from 'T' to 'float', possible loss of data
C:\PGK2_PLATFORMOWKA\game.cpp(36,94): warning C4244:         with
C:\PGK2_PLATFORMOWKA\game.cpp(36,94): warning C4244:         [
C:\PGK2_PLATFORMOWKA\game.cpp(36,94): warning C4244:             T=unsigned int
C:\PGK2_PLATFORMOWKA\game.cpp(36,94): warning C4244:         ]
C:\PGK2_PLATFORMOWKA\game.cpp(36,59): warning C4244: 'argument': conversion from 'T' to 'float', possible loss of data
C:\PGK2_PLATFORMOWKA\game.cpp(36,59): warning C4244:         with
C:\PGK2_PLATFORMOWKA\game.cpp(36,59): warning C4244:         [
C:\PGK2_PLATFORMOWKA\game.cpp(36,59): warning C4244:             T=unsigned int
C:\PGK2_PLATFORMOWKA\game.cpp(36,59): warning C4244:         ]
C:\PGK2_PLATFORMOWKA\game.cpp(43,97): warning C4244: 'argument': conversion from 'T' to 'float', possible loss of data
C:\PGK2_PLATFORMOWKA\game.cpp(43,97): warning C4244:         with
C:\PGK2_PLATFORMOWKA\game.cpp(43,97): warning C4244:         [
C:\PGK2_PLATFORMOWKA\game.cpp(43,97): warning C4244:             T=unsigned int
C:\PGK2_PLATFORMOWKA\game.cpp(43,97): warning C4244:         ]
C:\PGK2_PLATFORMOWKA\game.cpp(43,61): warning C4244: 'argument': conversion from 'T' to 'float', possible loss of data
C:\PGK2_PLATFORMOWKA\game.cpp(43,61): warning C4244:         with
C:\PGK2_PLATFORMOWKA\game.cpp(43,61): warning C4244:         [
C:\PGK2_PLATFORMOWKA\game.cpp(43,61): warning C4244:             T=unsigned int
C:\PGK2_PLATFORMOWKA\game.cpp(43,61): warning C4244:         ]
C:\PGK2_PLATFORMOWKA\game.cpp(128,69): warning C4244: 'argument': conversion from 'T' to 'int', possible loss of data
C:\PGK2_PLATFORMOWKA\game.cpp(128,69): warning C4244:         with
C:\PGK2_PLATFORMOWKA\game.cpp(128,69): warning C4244:         [
C:\PGK2_PLATFORMOWKA\game.cpp(128,69): warning C4244:             T=float
C:\PGK2_PLATFORMOWKA\game.cpp(128,69): warning C4244:         ]
C:\PGK2_PLATFORMOWKA\game.cpp(128,53): warning C4244: 'argument': conversion from 'T' to 'int', possible loss of data
C:\PGK2_PLATFORMOWKA\game.cpp(128,53): warning C4244:         with
C:\PGK2_PLATFORMOWKA\game.cpp(128,53): warning C4244:         [
C:\PGK2_PLATFORMOWKA\game.cpp(128,53): warning C4244:             T=float
C:\PGK2_PLATFORMOWKA\game.cpp(128,53): warning C4244:         ]
C:\PGK2_PLATFORMOWKA\game.cpp(132,68): warning C4244: 'argument': conversion from 'T' to 'int', possible loss of data
C:\PGK2_PLATFORMOWKA\game.cpp(132,68): warning C4244:         with
C:\PGK2_PLATFORMOWKA\game.cpp(132,68): warning C4244:         [
C:\PGK2_PLATFORMOWKA\game.cpp(132,68): warning C4244:             T=float
C:\PGK2_PLATFORMOWKA\game.cpp(132,68): warning C4244:         ]
C:\PGK2_PLATFORMOWKA\game.cpp(132,52): warning C4244: 'argument': conversion from 'T' to 'int', possible loss of data
C:\PGK2_PLATFORMOWKA\game.cpp(132,52): warning C4244:         with
C:\PGK2_PLATFORMOWKA\game.cpp(132,52): warning C4244:         [
C:\PGK2_PLATFORMOWKA\game.cpp(132,52): warning C4244:             T=float
C:\PGK2_PLATFORMOWKA\game.cpp(132,52): warning C4244:         ]
C:\PGK2_PLATFORMOWKA\game.cpp(136,70): warning C4244: 'argument': conversion from 'T' to 'int', possible loss of data
C:\PGK2_PLATFORMOWKA\game.cpp(136,70): warning C4244:         with
C:\PGK2_PLATFORMOWKA\game.cpp(136,70): warning C4244:         [
C:\PGK2_PLATFORMOWKA\game.cpp(136,70): warning C4244:             T=float
C:\PGK2_PLATFORMOWKA\game.cpp(136,70): warning C4244:         ]
C:\PGK2_PLATFORMOWKA\game.cpp(136,54): warning C4244: 'argument': conversion from 'T' to 'int', possible loss of data
C:\PGK2_PLATFORMOWKA\game.cpp(136,54): warning C4244:         with
C:\PGK2_PLATFORMOWKA\game.cpp(136,54): warning C4244:         [
C:\PGK2_PLATFORMOWKA\game.cpp(136,54): warning C4244:             T=float
C:\PGK2_PLATFORMOWKA\game.cpp(136,54): warning C4244:         ]
C:\PGK2_PLATFORMOWKA\game.cpp(140,73): warning C4244: 'argument': conversion from 'T' to 'int', possible loss of data
C:\PGK2_PLATFORMOWKA\game.cpp(140,73): warning C4244:         with
C:\PGK2_PLATFORMOWKA\game.cpp(140,73): warning C4244:         [
C:\PGK2_PLATFORMOWKA\game.cpp(140,73): warning C4244:             T=float
C:\PGK2_PLATFORMOWKA\game.cpp(140,73): warning C4244:         ]
C:\PGK2_PLATFORMOWKA\game.cpp(140,57): warning C4244: 'argument': conversion from 'T' to 'int', possible loss of data
C:\PGK2_PLATFORMOWKA\game.cpp(140,57): warning C4244:         with
C:\PGK2_PLATFORMOWKA\game.cpp(140,57): warning C4244:         [
C:\PGK2_PLATFORMOWKA\game.cpp(140,57): warning C4244:             T=float
C:\PGK2_PLATFORMOWKA\game.cpp(140,57): warning C4244:         ]
C:\PGK2_PLATFORMOWKA\game.cpp(144,78): warning C4244: 'argument': conversion from 'T' to 'int', possible loss of data
C:\PGK2_PLATFORMOWKA\game.cpp(144,78): warning C4244:         with
C:\PGK2_PLATFORMOWKA\game.cpp(144,78): warning C4244:         [
C:\PGK2_PLATFORMOWKA\game.cpp(144,78): warning C4244:             T=float
C:\PGK2_PLATFORMOWKA\game.cpp(144,78): warning C4244:         ]
C:\PGK2_PLATFORMOWKA\game.cpp(144,62): warning C4244: 'argument': conversion from 'T' to 'int', possible loss of data
C:\PGK2_PLATFORMOWKA\game.cpp(144,62): warning C4244:         with
C:\PGK2_PLATFORMOWKA\game.cpp(144,62): warning C4244:         [
C:\PGK2_PLATFORMOWKA\game.cpp(144,62): warning C4244:             T=float
C:\PGK2_PLATFORMOWKA\game.cpp(144,62): warning C4244:         ]
C:\PGK2_PLATFORMOWKA\game.cpp(148,79): warning C4244: 'argument': conversion from 'T' to 'int', possible loss of data
C:\PGK2_PLATFORMOWKA\game.cpp(148,79): warning C4244:         with
C:\PGK2_PLATFORMOWKA\game.cpp(148,79): warning C4244:         [
C:\PGK2_PLATFORMOWKA\game.cpp(148,79): warning C4244:             T=float
C:\PGK2_PLATFORMOWKA\game.cpp(148,79): warning C4244:         ]
C:\PGK2_PLATFORMOWKA\game.cpp(148,63): warning C4244: 'argument': conversion from 'T' to 'int', possible loss of data
C:\PGK2_PLATFORMOWKA\game.cpp(148,63): warning C4244:         with
C:\PGK2_PLATFORMOWKA\game.cpp(148,63): warning C4244:         [
C:\PGK2_PLATFORMOWKA\game.cpp(148,63): warning C4244:             T=float
C:\PGK2_PLATFORMOWKA\game.cpp(148,63): warning C4244:         ]
C:\PGK2_PLATFORMOWKA\game.cpp(153,43): warning C4244: 'argument': conversion from 'T' to 'int', possible loss of data
C:\PGK2_PLATFORMOWKA\game.cpp(153,43): warning C4244:         with
C:\PGK2_PLATFORMOWKA\game.cpp(153,43): warning C4244:         [
C:\PGK2_PLATFORMOWKA\game.cpp(153,43): warning C4244:             T=float
C:\PGK2_PLATFORMOWKA\game.cpp(153,43): warning C4244:         ]
C:\PGK2_PLATFORMOWKA\game.cpp(153,29): warning C4244: 'argument': conversion from 'T' to 'int', possible loss of data
C:\PGK2_PLATFORMOWKA\game.cpp(153,29): warning C4244:         with
C:\PGK2_PLATFORMOWKA\game.cpp(153,29): warning C4244:         [
C:\PGK2_PLATFORMOWKA\game.cpp(153,29): warning C4244:             T=float
C:\PGK2_PLATFORMOWKA\game.cpp(153,29): warning C4244:         ]
C:\PGK2_PLATFORMOWKA\game.cpp(167,14): warning C4244: 'initializing': conversion from 'sf::Int64' to 'float', possible loss of data
C:\PGK2_PLATFORMOWKA\game.cpp(221,16): warning C4305: '=': truncation from 'double' to 'float'
  level.cpp
C:\PGK2_PLATFORMOWKA\level.cpp(10,15): warning C4244: 'return': conversion from 'double' to 'float', possible loss of data
C:\PGK2_PLATFORMOWKA\level.cpp(91,18): warning C4244: 'initializing': conversion from 'double' to 'float', possible loss of data
C:\PGK2_PLATFORMOWKA\level.cpp(92,24): warning C4244: '=': conversion from 'float' to 'int', possible loss of data
C:\PGK2_PLATFORMOWKA\level.cpp(130,41): warning C4244: 'argument': conversion from 'int' to 'float', possible loss of data
C:\PGK2_PLATFORMOWKA\level.cpp(130,26): warning C4244: 'argument': conversion from 'int' to 'float', possible loss of data
C:\PGK2_PLATFORMOWKA\level.cpp(185,27): warning C4244: 'argument': conversion from 'int' to 'float', possible loss of data
C:\PGK2_PLATFORMOWKA\level.cpp(185,24): warning C4244: 'argument': conversion from 'int' to 'float', possible loss of data
C:\PGK2_PLATFORMOWKA\level.cpp(205,22): warning C4244: '=': conversion from 'int' to 'T', possible loss of data
C:\PGK2_PLATFORMOWKA\level.cpp(205,22): warning C4244:         with
C:\PGK2_PLATFORMOWKA\level.cpp(205,22): warning C4244:         [
C:\PGK2_PLATFORMOWKA\level.cpp(205,22): warning C4244:             T=float
C:\PGK2_PLATFORMOWKA\level.cpp(205,22): warning C4244:         ]
C:\PGK2_PLATFORMOWKA\level.cpp(206,23): warning C4244: '=': conversion from 'int' to 'T', possible loss of data
C:\PGK2_PLATFORMOWKA\level.cpp(206,23): warning C4244:         with
C:\PGK2_PLATFORMOWKA\level.cpp(206,23): warning C4244:         [
C:\PGK2_PLATFORMOWKA\level.cpp(206,23): warning C4244:             T=float
C:\PGK2_PLATFORMOWKA\level.cpp(206,23): warning C4244:         ]
C:\PGK2_PLATFORMOWKA\level.cpp(207,25): warning C4244: '=': conversion from 'int' to 'T', possible loss of data
C:\PGK2_PLATFORMOWKA\level.cpp(207,25): warning C4244:         with
C:\PGK2_PLATFORMOWKA\level.cpp(207,25): warning C4244:         [
C:\PGK2_PLATFORMOWKA\level.cpp(207,25): warning C4244:             T=float
C:\PGK2_PLATFORMOWKA\level.cpp(207,25): warning C4244:         ]
C:\PGK2_PLATFORMOWKA\level.cpp(208,24): warning C4244: '=': conversion from 'int' to 'T', possible loss of data
C:\PGK2_PLATFORMOWKA\level.cpp(208,24): warning C4244:         with
C:\PGK2_PLATFORMOWKA\level.cpp(208,24): warning C4244:         [
C:\PGK2_PLATFORMOWKA\level.cpp(208,24): warning C4244:             T=float
C:\PGK2_PLATFORMOWKA\level.cpp(208,24): warning C4244:         ]
  main.cpp
  movingplatform.cpp
C:\PGK2_PLATFORMOWKA\movingplatform.cpp(6,27): warning C4305: 'argument': truncation from 'double' to 'float'
  movingplatformY.cpp
C:\PGK2_PLATFORMOWKA\movingplatformY.cpp(7,8): warning C4305: '=': truncation from 'double' to 'float'
  nextlevel.cpp
  player.cpp
C:\PGK2_PLATFORMOWKA\player.cpp(20,9): warning C4305: '=': truncation from 'double' to 'float'
C:\PGK2_PLATFORMOWKA\player.cpp(21,27): warning C4305: '=': truncation from 'double' to 'float'
C:\PGK2_PLATFORMOWKA\player.cpp(28,8): warning C4305: '=': truncation from 'double' to 'float'
C:\PGK2_PLATFORMOWKA\player.cpp(29,26): warning C4305: '=': truncation from 'double' to 'float'
C:\PGK2_PLATFORMOWKA\player.cpp(34,47): warning C4305: '=': truncation from 'double' to 'float'
C:\PGK2_PLATFORMOWKA\player.cpp(75,16): warning C4244: '+=': conversion from 'double' to 'float', possible loss of data
C:\PGK2_PLATFORMOWKA\player.cpp(106,12): warning C4244: 'initializing': conversion from 'float' to 'int', possible loss of data
C:\PGK2_PLATFORMOWKA\player.cpp(110,11): warning C4244: '=': conversion from 'int' to 'float', possible loss of data
C:\PGK2_PLATFORMOWKA\player.cpp(117,12): warning C4244: 'initializing': conversion from 'float' to 'int', possible loss of data
C:\PGK2_PLATFORMOWKA\player.cpp(121,11): warning C4244: '=': conversion from 'int' to 'float', possible loss of data
  spikes.cpp
  tinystr.cpp
  tinyxml.cpp
  tinyxmlerror.cpp
  tinyxmlparser.cpp
  Generating Code...
C:\PGK2_PLATFORMOWKA\level.cpp(252,1): warning C4715: 'Level::GetObject': not all control paths return a value
C:\PGK2_PLATFORMOWKA\game.cpp(351,1): warning C4715: 'RunGame': not all control paths return a value
  PGK2_PLATFORMOWKA.vcxproj -> C:\PGK2_PLATFORMOWKA\x64\Debug\PGK2_PLATFORMOWKA.exe
